SF:lib/calculator.dart
DA:2,1
DA:3,1
LF:2
LH:2
end_of_record
SF:lib/networking/api_service.dart
DA:13,0
DA:15,0
DA:16,0
DA:17,0
DA:18,0
DA:19,0
DA:20,0
DA:21,0
DA:22,0
DA:24,0
DA:27,0
DA:31,0
DA:32,0
DA:33,0
DA:35,0
DA:36,0
DA:38,0
DA:39,0
DA:40,0
DA:41,0
DA:42,0
DA:43,0
DA:47,0
DA:49,0
DA:50,0
DA:52,0
DA:53,0
DA:54,0
DA:56,0
DA:64,0
DA:66,0
DA:67,0
DA:68,0
LF:33
LH:0
end_of_record
SF:lib/utils/validations.dart
DA:2,1
DA:3,2
LF:2
LH:2
end_of_record
SF:lib/databases/book_database.dart
DA:7,0
DA:8,0
DA:9,0
DA:10,0
DA:11,0
DA:19,0
DA:20,0
DA:21,0
DA:28,0
DA:29,0
DA:30,0
DA:34,0
DA:35,0
DA:36,0
DA:37,0
LF:15
LH:0
end_of_record
SF:lib/service_locators/service_locator.dart
DA:2,0
DA:4,0
DA:5,0
DA:8,0
DA:9,0
DA:10,0
DA:12,0
LF:7
LH:0
end_of_record
SF:lib/shared_preferences/token_preferences.dart
DA:6,0
DA:7,0
DA:8,0
DA:11,0
DA:12,0
DA:13,0
LF:6
LH:0
end_of_record
SF:lib/networking/dio_client.dart
DA:7,0
DA:8,0
DA:15,0
LF:3
LH:0
end_of_record
